2023-09-22 14:15:17：域名:daffodil.ac 到期时间:2023-12-14 14:27:30 域名状态:未过期
2023-09-22 14:15:21：域名:diu.ac 到期时间:2023-12-11 10:01:54 域名状态:未过期
2023-09-22 14:15:32：域名:dpi.ac 到期时间:2024-04-26 09:46:16 域名状态:未过期
2023-09-22 14:15:44：域名:jiu.ac 到期时间:2026-02-21 07:35:13 域名状态:未过期
2023-09-22 14:15:46：域名:kcu.ac 到期时间:2028-02-20 10:20:56 域名状态:未过期
2023-09-22 14:15:49：域名:lsst.ac 到期时间:2030-09-28 09:41:02 域名状态:未过期
2023-09-22 14:15:53：域名:myaie.ac 到期时间:2024-06-03 05:38:24 域名状态:未过期
2023-09-22 14:15:57：域名:ukh.ac 到期时间:2023-12-05 10:36:34 域名状态:未过期
2023-09-22 14:16:00：域名:unikam.ac 到期时间:2023-12-30 16:56:10 域名状态:未过期
2023-09-22 14:16:03：域名:unw.ac 到期时间:2024-04-24 12:08:43 域名状态:未过期
2023-09-22 14:16:06：域名:uod.ac 到期时间:2024-12-17 10:45:07 域名状态:未过期
2023-09-22 14:16:10：域名:upl-univ.ac 到期时间:2024-04-29 15:04:46 域名状态:未过期
2023-09-22 14:16:13：域名:yuhs.ac 到期时间:2026-01-19 07:32:49 域名状态:未过期
2023-09-22 14:16:15：域名:za.ac 到期时间:2027-04-30 12:00:00 域名状态:未过期
2023-09-22 14:16:19：域名:campus.academy 到期时间:2025-03-30 08:05:04 域名状态:未过期
2023-09-22 14:16:22：域名:chungkang.academy 到期时间:2024-04-15 06:46:40 域名状态:未过期
2023-09-22 14:16:25：域名:cloud-campus.academy 到期时间:2024-08-28 15:15:31 域名状态:未过期
2023-09-22 14:16:37：域名:esoft.academy 到期时间:2024-03-16 17:39:58 域名状态:未过期
2023-09-22 14:16:48：域名:explore.academy 到期时间:2024-06-13 17:37:32 域名状态:未过期
2023-09-22 14:16:52：域名:greta-sud-aquitaine.academy 到期时间:2023-10-03 08:01:05 域名状态:未过期
2023-09-22 14:16:55：域名:houghton.academy 到期时间:2024-03-20 01:52:11 域名状态:未过期
2023-09-22 14:16:59：域名:htk.academy 到期时间:2023-11-27 15:28:26 域名状态:未过期
2023-09-22 14:17:03：域名:itstep.academy 到期时间:2024-12-25 13:13:11 域名状态:未过期
2023-09-22 14:17:04：域名:kenzie.academy 到期时间:2024-05-25 19:58:21 域名状态:未过期
2023-09-22 14:17:06：域名:lesallay.academy 到期时间:2024-04-16 08:56:28 域名状态:未过期
2023-09-22 14:17:09：域名:lincroft.academy 到期时间:2025-04-23 14:37:44 域名状态:未过期
2023-09-22 14:17:14：域名:metis.academy 到期时间:2023-10-21 10:41:17 域名状态:未过期
2023-09-22 14:17:17：域名:stevejobs.academy 到期时间:2024-07-11 12:41:09 域名状态:未过期
2023-09-22 14:17:19：域名:uview.academy 到期时间:2025-09-16 21:52:45 域名状态:未过期